# JRE version: OpenJDK Runtime Environment (8.0_242-b01) (build 1.8.0_242-release-1644-b01)
# Java VM: OpenJDK 64-Bit Server VM (25.242-b01 mixed mode windows-amd64 compressed oops)
Heap:
 PSYoungGen      total 32256K, used 6811K [0x00000000e0000000, 0x00000000e2380000, 0x0000000100000000)
  eden space 28160K, 19% used [0x00000000e0000000,0x00000000e055e908,0x00000000e1b80000)
  from space 4096K, 32% used [0x00000000e1f80000,0x00000000e20c8330,0x00000000e2380000)
  to   space 4096K, 0% used [0x00000000e1b80000,0x00000000e1b80000,0x00000000e1f80000)
 ParOldGen       total 40960K, used 20496K [0x00000000a0000000, 0x00000000a2800000, 0x00000000e0000000)
  object space 40960K, 50% used [0x00000000a0000000,0x00000000a14040a0,0x00000000a2800000)
 Metaspace       used 42270K, capacity 44180K, committed 44504K, reserved 1087488K
  class space    used 5668K, capacity 6041K, committed 6144K, reserved 1048576K
GC Heap History (10 events):
Event: 113.343 GC heap before
{Heap before GC invocations=28 (full 2):
 PSYoungGen      total 20992K, used 18237K [0x00000000e0000000, 0x00000000e1b80000, 0x0000000100000000)
  eden space 15872K, 100% used [0x00000000e0000000,0x00000000e0f80000,0x00000000e0f80000)
  from space 5120K, 46% used [0x00000000e0f80000,0x00000000e11cf420,0x00000000e1480000)
  to   space 4608K, 0% used [0x00000000e1700000,0x00000000e1700000,0x00000000e1b80000)
 ParOldGen       total 40960K, used 15146K [0x00000000a0000000, 0x00000000a2800000, 0x00000000e0000000)
  object space 40960K, 36% used [0x00000000a0000000,0x00000000a0eca980,0x00000000a2800000)
 Metaspace       used 38605K, capacity 39944K, committed 40280K, reserved 1083392K
  class space    used 5100K, capacity 5390K, committed 5504K, reserved 1048576K
Event: 113.359 GC heap after
Heap after GC invocations=28 (full 2):
 PSYoungGen      total 23552K, used 1824K [0x00000000e0000000, 0x00000000e1c00000, 0x0000000100000000)
  eden space 18944K, 0% used [0x00000000e0000000,0x00000000e0000000,0x00000000e1280000)
  from space 4608K, 39% used [0x00000000e1700000,0x00000000e18c80c0,0x00000000e1b80000)
  to   space 4608K, 0% used [0x00000000e1280000,0x00000000e1280000,0x00000000e1700000)
 ParOldGen       total 40960K, used 17018K [0x00000000a0000000, 0x00000000a2800000, 0x00000000e0000000)
  object space 40960K, 41% used [0x00000000a0000000,0x00000000a109e990,0x00000000a2800000)
 Metaspace       used 38605K, capacity 39944K, committed 40280K, reserved 1083392K
  class space    used 5100K, capacity 5390K, committed 5504K, reserved 1048576K
}
Event: 114.709 GC heap before
{Heap before GC invocations=29 (full 2):
 PSYoungGen      total 23552K, used 20768K [0x00000000e0000000, 0x00000000e1c00000, 0x0000000100000000)
  eden space 18944K, 100% used [0x00000000e0000000,0x00000000e1280000,0x00000000e1280000)
  from space 4608K, 39% used [0x00000000e1700000,0x00000000e18c80c0,0x00000000e1b80000)
  to   space 4608K, 0% used [0x00000000e1280000,0x00000000e1280000,0x00000000e1700000)
 ParOldGen       total 40960K, used 17018K [0x00000000a0000000, 0x00000000a2800000, 0x00000000e0000000)
  object space 40960K, 41% used [0x00000000a0000000,0x00000000a109e990,0x00000000a2800000)
 Metaspace       used 39669K, capacity 41186K, committed 41432K, reserved 1085440K
  class space    used 5270K, capacity 5619K, committed 5632K, reserved 1048576K
Event: 114.719 GC heap after
Heap after GC invocations=29 (full 2):
 PSYoungGen      total 23552K, used 1999K [0x00000000e0000000, 0x00000000e1f80000, 0x0000000100000000)
  eden space 18944K, 0% used [0x00000000e0000000,0x00000000e0000000,0x00000000e1280000)
  from space 4608K, 43% used [0x00000000e1280000,0x00000000e1473fd0,0x00000000e1700000)
  to   space 4608K, 0% used [0x00000000e1b00000,0x00000000e1b00000,0x00000000e1f80000)
 ParOldGen       total 40960K, used 17978K [0x00000000a0000000, 0x00000000a2800000, 0x00000000e0000000)
  object space 40960K, 43% used [0x00000000a0000000,0x00000000a118e9b0,0x00000000a2800000)
 Metaspace       used 39669K, capacity 41186K, committed 41432K, reserved 1085440K
  class space    used 5270K, capacity 5619K, committed 5632K, reserved 1048576K
}
Event: 115.720 GC heap before
{Heap before GC invocations=30 (full 2):
 PSYoungGen      total 23552K, used 20943K [0x00000000e0000000, 0x00000000e1f80000, 0x0000000100000000)
  eden space 18944K, 100% used [0x00000000e0000000,0x00000000e1280000,0x00000000e1280000)
  from space 4608K, 43% used [0x00000000e1280000,0x00000000e1473fd0,0x00000000e1700000)
  to   space 4608K, 0% used [0x00000000e1b00000,0x00000000e1b00000,0x00000000e1f80000)
 ParOldGen       total 40960K, used 17978K [0x00000000a0000000, 0x00000000a2800000, 0x00000000e0000000)
  object space 40960K, 43% used [0x00000000a0000000,0x00000000a118e9b0,0x00000000a2800000)
 Metaspace       used 40173K, capacity 41760K, committed 41816K, reserved 1085440K
  class space    used 5374K, capacity 5738K, committed 5760K, reserved 1048576K
Event: 115.745 GC heap after
Heap after GC invocations=30 (full 2):
 PSYoungGen      total 27648K, used 1420K [0x00000000e0000000, 0x00000000e2000000, 0x0000000100000000)
  eden space 23040K, 0% used [0x00000000e0000000,0x00000000e0000000,0x00000000e1680000)
  from space 4608K, 30% used [0x00000000e1b00000,0x00000000e1c632a0,0x00000000e1f80000)
  to   space 4608K, 0% used [0x00000000e1680000,0x00000000e1680000,0x00000000e1b00000)
 ParOldGen       total 40960K, used 18958K [0x00000000a0000000, 0x00000000a2800000, 0x00000000e0000000)
  object space 40960K, 46% used [0x00000000a0000000,0x00000000a1283850,0x00000000a2800000)
 Metaspace       used 40173K, capacity 41760K, committed 41816K, reserved 1085440K
  class space    used 5374K, capacity 5738K, committed 5760K, reserved 1048576K
}
Event: 117.014 GC heap before
{Heap before GC invocations=31 (full 2):
 PSYoungGen      total 27648K, used 24460K [0x00000000e0000000, 0x00000000e2000000, 0x0000000100000000)
  eden space 23040K, 100% used [0x00000000e0000000,0x00000000e1680000,0x00000000e1680000)
  from space 4608K, 30% used [0x00000000e1b00000,0x00000000e1c632a0,0x00000000e1f80000)
  to   space 4608K, 0% used [0x00000000e1680000,0x00000000e1680000,0x00000000e1b00000)
 ParOldGen       total 40960K, used 18958K [0x00000000a0000000, 0x00000000a2800000, 0x00000000e0000000)
  object space 40960K, 46% used [0x00000000a0000000,0x00000000a1283850,0x00000000a2800000)
 Metaspace       used 41341K, capacity 43142K, committed 43352K, reserved 1087488K
  class space    used 5559K, capacity 5928K, committed 6016K, reserved 1048576K
Event: 117.027 GC heap after
Heap after GC invocations=31 (full 2):
 PSYoungGen      total 27648K, used 1793K [0x00000000e0000000, 0x00000000e2380000, 0x0000000100000000)
  eden space 23040K, 0% used [0x00000000e0000000,0x00000000e0000000,0x00000000e1680000)
  from space 4608K, 38% used [0x00000000e1680000,0x00000000e18404d8,0x00000000e1b00000)
  to   space 4096K, 0% used [0x00000000e1f80000,0x00000000e1f80000,0x00000000e2380000)
 ParOldGen       total 40960K, used 19950K [0x00000000a0000000, 0x00000000a2800000, 0x00000000e0000000)
  object space 40960K, 48% used [0x00000000a0000000,0x00000000a137b870,0x00000000a2800000)
 Metaspace       used 41341K, capacity 43142K, committed 43352K, reserved 1087488K
  class space    used 5559K, capacity 5928K, committed 6016K, reserved 1048576K
}
Event: 119.375 GC heap before
{Heap before GC invocations=32 (full 2):
 PSYoungGen      total 27648K, used 24833K [0x00000000e0000000, 0x00000000e2380000, 0x0000000100000000)
  eden space 23040K, 100% used [0x00000000e0000000,0x00000000e1680000,0x00000000e1680000)
  from space 4608K, 38% used [0x00000000e1680000,0x00000000e18404d8,0x00000000e1b00000)
  to   space 4096K, 0% used [0x00000000e1f80000,0x00000000e1f80000,0x00000000e2380000)
 ParOldGen       total 40960K, used 19950K [0x00000000a0000000, 0x00000000a2800000, 0x00000000e0000000)
  object space 40960K, 48% used [0x00000000a0000000,0x00000000a137b870,0x00000000a2800000)
 Metaspace       used 42050K, capacity 43926K, committed 44120K, reserved 1087488K
  class space    used 5637K, capacity 6000K, committed 6016K, reserved 1048576K
Event: 119.384 GC heap after
Heap after GC invocations=32 (full 2):
 PSYoungGen      total 32256K, used 1312K [0x00000000e0000000, 0x00000000e2380000, 0x0000000100000000)
  eden space 28160K, 0% used [0x00000000e0000000,0x00000000e0000000,0x00000000e1b80000)
  from space 4096K, 32% used [0x00000000e1f80000,0x00000000e20c8330,0x00000000e2380000)
  to   space 4096K, 0% used [0x00000000e1b80000,0x00000000e1b80000,0x00000000e1f80000)
 ParOldGen       total 40960K, used 20496K [0x00000000a0000000, 0x00000000a2800000, 0x00000000e0000000)
  object space 40960K, 50% used [0x00000000a0000000,0x00000000a14040a0,0x00000000a2800000)
 Metaspace       used 42050K, capacity 43926K, committed 44120K, reserved 1087488K
  class space    used 5637K, capacity 6000K, committed 6016K, reserved 1048576K
}

